<?xml version="1.0" encoding="UTF-8"?>
<!-- Generated by org.testng.reporters.JUnitXMLReporter -->
<testsuite ignored="0" hostname="TOMCAT" failures="1" tests="7" name="Default test" time="24.693" errors="0" timestamp="2023-09-11T18:11:02 IST">
  <testcase classname="Indproject.MainFunctionalities" name="start" time="2.767"/>
  <testcase classname="Indproject.MainFunctionalities" name="log" time="9.279"/>
  <testcase classname="Indproject.MainFunctionalities" name="fil" time="3.84"/>
  <testcase classname="Indproject.MainFunctionalities" name="produ" time="4.04"/>
  <testcase classname="Indproject.MainFunctionalities" name="cartpa" time="0.269"/>
  <testcase classname="Indproject.MainFunctionalities" name="addres" time="2.308"/>
  <testcase classname="Indproject.MainFunctionalities" name="paym" time="2.101">
    <failure type="java.nio.file.FileAlreadyExistsException" message="payment_screenshots\payment_screenshot1.png">
      <![CDATA[java.nio.file.FileAlreadyExistsException: payment_screenshots\payment_screenshot1.png
at java.base/sun.nio.fs.WindowsFileCopy.copy(WindowsFileCopy.java:133)
at java.base/sun.nio.fs.WindowsFileSystemProvider.copy(WindowsFileSystemProvider.java:282)
at java.base/java.nio.file.Files.copy(Files.java:1303)
at Indproject.MainFunctionalities.paym(MainFunctionalities.java:136)
at java.base/jdk.internal.reflect.DirectMethodHandleAccessor.invoke(DirectMethodHandleAccessor.java:104)
at java.base/java.lang.reflect.Method.invoke(Method.java:578)
at org.testng.internal.invokers.MethodInvocationHelper.invokeMethod(MethodInvocationHelper.java:139)
at org.testng.internal.invokers.TestInvoker.invokeMethod(TestInvoker.java:664)
at org.testng.internal.invokers.TestInvoker.invokeTestMethod(TestInvoker.java:227)
at org.testng.internal.invokers.MethodRunner.runInSequence(MethodRunner.java:50)
at org.testng.internal.invokers.TestInvoker$MethodInvocationAgent.invoke(TestInvoker.java:957)
at org.testng.internal.invokers.TestInvoker.invokeTestMethods(TestInvoker.java:200)
at org.testng.internal.invokers.TestMethodWorker.invokeTestMethods(TestMethodWorker.java:148)
at org.testng.internal.invokers.TestMethodWorker.run(TestMethodWorker.java:128)
at java.base/java.util.ArrayList.forEach(ArrayList.java:1511)
at org.testng.TestRunner.privateRun(TestRunner.java:848)
at org.testng.TestRunner.run(TestRunner.java:621)
at org.testng.SuiteRunner.runTest(SuiteRunner.java:443)
at org.testng.SuiteRunner.runSequentially(SuiteRunner.java:437)
at org.testng.SuiteRunner.privateRun(SuiteRunner.java:397)
at org.testng.SuiteRunner.run(SuiteRunner.java:336)
at org.testng.SuiteRunnerWorker.runSuite(SuiteRunnerWorker.java:52)
at org.testng.SuiteRunnerWorker.run(SuiteRunnerWorker.java:95)
at org.testng.TestNG.runSuitesSequentially(TestNG.java:1280)
at org.testng.TestNG.runSuitesLocally(TestNG.java:1200)
at org.testng.TestNG.runSuites(TestNG.java:1114)
at org.testng.TestNG.run(TestNG.java:1082)
at org.testng.remote.AbstractRemoteTestNG.run(AbstractRemoteTestNG.java:115)
at org.testng.remote.RemoteTestNG.initAndRun(RemoteTestNG.java:251)
at org.testng.remote.RemoteTestNG.main(RemoteTestNG.java:77)
]]>
    </failure>
  </testcase> <!-- paym -->
</testsuite> <!-- Default test -->
